<?xml version="1.0" encoding="UTF-8"?>
<robot generator="Robot 3.1.2 (Python 3.8.1 on win32)" generated="20200127 11:05:16.158" rpa="false">
<suite id="s1" name="Cars" source="C:\PycharmProjects\data-driven-ext-base-csv\tests\Cars.robot">
<test id="s1-t1" name="Should see correct error messages with invalid logins">
<kw name="Begin Web Test" library="Common" type="setup">
<kw name="Open Browser" library="SeleniumLibrary">
<doc>Opens a new browser instance to the given ``url``.</doc>
<arguments>
<arg>about:blank</arg>
<arg>${BROWSER}</arg>
</arguments>
<msg timestamp="20200127 11:05:16.441" level="INFO">Opening browser 'chrome' to base url 'about:blank'.</msg>
<status status="PASS" starttime="20200127 11:05:16.440" endtime="20200127 11:05:18.943"></status>
</kw>
<status status="PASS" starttime="20200127 11:05:16.440" endtime="20200127 11:05:18.944"></status>
</kw>
<kw name="Get CSV Data" library="DataManager">
<arguments>
<arg>${Invalid_CREDENTIAL_PATH_CSV}</arg>
</arguments>
<assign>
<var>${InvalidLoginScenarios}</var>
</assign>
<kw name="Read Csv File" library="Csv">
<arguments>
<arg>${FilePath}</arg>
</arguments>
<assign>
<var>${Data}</var>
</assign>
<msg timestamp="20200127 11:05:18.947" level="INFO">${Data} = [['adminko@robotframeworktutorial.com', 'TestPassword!', 'Your username and/or password is incorrect. Please try again.'], ['jukka@jukka.com', 'koe', 'Your username and/or password is incorrect. Pleas...</msg>
<status status="PASS" starttime="20200127 11:05:18.945" endtime="20200127 11:05:18.947"></status>
</kw>
<msg timestamp="20200127 11:05:18.947" level="INFO">${InvalidLoginScenarios} = [['adminko@robotframeworktutorial.com', 'TestPassword!', 'Your username and/or password is incorrect. Please try again.'], ['jukka@jukka.com', 'koe', 'Your username and/or password is incorrect. Pleas...</msg>
<status status="PASS" starttime="20200127 11:05:18.945" endtime="20200127 11:05:18.948"></status>
</kw>
<kw name="Login With Many Invalid Credentials" library="CarsApp">
<arguments>
<arg>${InvalidLoginScenarios}</arg>
</arguments>
<kw name="${LoginScenario} IN [ @{InvalidLoginScenarios} ]" type="for">
<kw name="${LoginScenario} = ['adminko@robotframeworktutorial.com', 'TestPassword!', 'Your username and/or password is incorrect. Please try again.']" type="foritem">
<kw name="Run Keyword And Continue On Failure" library="BuiltIn">
<doc>Runs the keyword and continues execution even if a failure occurs.</doc>
<arguments>
<arg>SignIn.Navigate To</arg>
</arguments>
<kw name="Navigate To" library="SignIn">
<kw name="Catenate" library="BuiltIn">
<doc>Catenates the given items together and returns the resulted string.</doc>
<arguments>
<arg>SEPARATOR=/</arg>
<arg>${BASE_URL.${ENVIRONMENT}}</arg>
<arg>${LOGIN_URL}</arg>
</arguments>
<assign>
<var>${SignInUrl}</var>
</assign>
<msg timestamp="20200127 11:05:18.952" level="INFO">${SignInUrl} = https://www.cars.com//profile/secure/login</msg>
<status status="PASS" starttime="20200127 11:05:18.951" endtime="20200127 11:05:18.953"></status>
</kw>
<kw name="Go To" library="SeleniumLibrary">
<doc>Navigates the active browser instance to the provided ``url``.</doc>
<arguments>
<arg>${SignInUrl}</arg>
</arguments>
<msg timestamp="20200127 11:05:18.953" level="INFO">Opening url 'https://www.cars.com//profile/secure/login'</msg>
<status status="PASS" starttime="20200127 11:05:18.953" endtime="20200127 11:05:21.678"></status>
</kw>
<status status="PASS" starttime="20200127 11:05:18.951" endtime="20200127 11:05:21.678"></status>
</kw>
<status status="PASS" starttime="20200127 11:05:18.950" endtime="20200127 11:05:21.678"></status>
</kw>
<kw name="Run Keyword And Continue On Failure" library="BuiltIn">
<doc>Runs the keyword and continues execution even if a failure occurs.</doc>
<arguments>
<arg>Attempt Login</arg>
<arg>${LoginScenario}</arg>
</arguments>
<kw name="Attempt Login" library="CarsApp">
<arguments>
<arg>${LoginScenario}</arg>
</arguments>
<kw name="Enter Credentials" library="SignIn">
<arguments>
<arg>${Credentials}</arg>
</arguments>
<kw name="Run Keyword Unless" library="BuiltIn">
<doc>Runs the given keyword with the given arguments if ``condition`` is false.</doc>
<arguments>
<arg>'${Credentials[0]}' == '#BLANK'</arg>
<arg>Input Text</arg>
<arg>${SIGN_IN_EMAIL}</arg>
<arg>${Credentials[0]}</arg>
</arguments>
<kw name="Input Text" library="SeleniumLibrary">
<doc>Types the given ``text`` into text field identified by ``locator``.</doc>
<arguments>
<arg>${SIGN_IN_EMAIL}</arg>
<arg>${Credentials[0]}</arg>
</arguments>
<msg timestamp="20200127 11:05:21.682" level="INFO">Typing text 'adminko@robotframeworktutorial.com' into text field 'css=input[ng-model*='credentials.email']'.</msg>
<status status="PASS" starttime="20200127 11:05:21.681" endtime="20200127 11:05:22.026"></status>
</kw>
<status status="PASS" starttime="20200127 11:05:21.680" endtime="20200127 11:05:22.026"></status>
</kw>
<kw name="Run Keyword Unless" library="BuiltIn">
<doc>Runs the given keyword with the given arguments if ``condition`` is false.</doc>
<arguments>
<arg>'${Credentials[1]}' == '#BLANK'</arg>
<arg>Input Text</arg>
<arg>${SIGN_IN_PASSWORD}</arg>
<arg>${Credentials[1]}</arg>
</arguments>
<kw name="Input Text" library="SeleniumLibrary">
<doc>Types the given ``text`` into text field identified by ``locator``.</doc>
<arguments>
<arg>${SIGN_IN_PASSWORD}</arg>
<arg>${Credentials[1]}</arg>
</arguments>
<msg timestamp="20200127 11:05:22.027" level="INFO">Typing text 'TestPassword!' into text field 'css=input[ng-model*='credentials.password']'.</msg>
<status status="PASS" starttime="20200127 11:05:22.027" endtime="20200127 11:05:22.178"></status>
</kw>
<status status="PASS" starttime="20200127 11:05:22.026" endtime="20200127 11:05:22.178"></status>
</kw>
<status status="PASS" starttime="20200127 11:05:21.680" endtime="20200127 11:05:22.179"></status>
</kw>
<kw name="Click Submit" library="SignIn">
<kw name="Click Button" library="SeleniumLibrary">
<doc>Clicks button identified by ``locator``.</doc>
<arguments>
<arg>${LOGIN_SUBMIT_BUTTON}</arg>
</arguments>
<msg timestamp="20200127 11:05:22.180" level="INFO">Clicking button 'Log In'.</msg>
<status status="PASS" starttime="20200127 11:05:22.179" endtime="20200127 11:05:22.284"></status>
</kw>
<status status="PASS" starttime="20200127 11:05:22.179" endtime="20200127 11:05:22.284"></status>
</kw>
<kw name="Sleep" library="BuiltIn">
<doc>Pauses the test executed for the given time.</doc>
<arguments>
<arg>1s</arg>
</arguments>
<msg timestamp="20200127 11:05:23.284" level="INFO">Slept 1 second</msg>
<status status="PASS" starttime="20200127 11:05:22.284" endtime="20200127 11:05:23.284"></status>
</kw>
<status status="PASS" starttime="20200127 11:05:21.679" endtime="20200127 11:05:23.285"></status>
</kw>
<status status="PASS" starttime="20200127 11:05:21.679" endtime="20200127 11:05:23.285"></status>
</kw>
<kw name="Run Keyword And Continue On Failure" library="BuiltIn">
<doc>Runs the keyword and continues execution even if a failure occurs.</doc>
<arguments>
<arg>Verify Login Page Error Message</arg>
<arg>${LoginScenario}</arg>
</arguments>
<kw name="Verify Login Page Error Message" library="CarsApp">
<arguments>
<arg>${LoginScenario}</arg>
</arguments>
<kw name="Verify Error Message" library="SignIn">
<arguments>
<arg>${ExpectedErrorMessage}</arg>
</arguments>
<kw name="Page Should Contain" library="SeleniumLibrary">
<doc>Verifies that current page contains ``text``.</doc>
<arguments>
<arg>${ExpectedErrorMessage[2]}</arg>
</arguments>
<msg timestamp="20200127 11:05:23.332" level="INFO">Current page contains text 'Your username and/or password is incorrect. Please try again.'.</msg>
<status status="PASS" starttime="20200127 11:05:23.288" endtime="20200127 11:05:23.332"></status>
</kw>
<status status="PASS" starttime="20200127 11:05:23.287" endtime="20200127 11:05:23.332"></status>
</kw>
<status status="PASS" starttime="20200127 11:05:23.286" endtime="20200127 11:05:23.333"></status>
</kw>
<status status="PASS" starttime="20200127 11:05:23.285" endtime="20200127 11:05:23.333"></status>
</kw>
<status status="PASS" starttime="20200127 11:05:18.950" endtime="20200127 11:05:23.333"></status>
</kw>
<kw name="${LoginScenario} = ['jukka@jukka.com', 'koe', 'Your username and/or password is incorrect. Please try again.']" type="foritem">
<kw name="Run Keyword And Continue On Failure" library="BuiltIn">
<doc>Runs the keyword and continues execution even if a failure occurs.</doc>
<arguments>
<arg>SignIn.Navigate To</arg>
</arguments>
<kw name="Navigate To" library="SignIn">
<kw name="Catenate" library="BuiltIn">
<doc>Catenates the given items together and returns the resulted string.</doc>
<arguments>
<arg>SEPARATOR=/</arg>
<arg>${BASE_URL.${ENVIRONMENT}}</arg>
<arg>${LOGIN_URL}</arg>
</arguments>
<assign>
<var>${SignInUrl}</var>
</assign>
<msg timestamp="20200127 11:05:23.336" level="INFO">${SignInUrl} = https://www.cars.com//profile/secure/login</msg>
<status status="PASS" starttime="20200127 11:05:23.335" endtime="20200127 11:05:23.336"></status>
</kw>
<kw name="Go To" library="SeleniumLibrary">
<doc>Navigates the active browser instance to the provided ``url``.</doc>
<arguments>
<arg>${SignInUrl}</arg>
</arguments>
<msg timestamp="20200127 11:05:23.336" level="INFO">Opening url 'https://www.cars.com//profile/secure/login'</msg>
<status status="PASS" starttime="20200127 11:05:23.336" endtime="20200127 11:05:24.462"></status>
</kw>
<status status="PASS" starttime="20200127 11:05:23.334" endtime="20200127 11:05:24.463"></status>
</kw>
<status status="PASS" starttime="20200127 11:05:23.334" endtime="20200127 11:05:24.463"></status>
</kw>
<kw name="Run Keyword And Continue On Failure" library="BuiltIn">
<doc>Runs the keyword and continues execution even if a failure occurs.</doc>
<arguments>
<arg>Attempt Login</arg>
<arg>${LoginScenario}</arg>
</arguments>
<kw name="Attempt Login" library="CarsApp">
<arguments>
<arg>${LoginScenario}</arg>
</arguments>
<kw name="Enter Credentials" library="SignIn">
<arguments>
<arg>${Credentials}</arg>
</arguments>
<kw name="Run Keyword Unless" library="BuiltIn">
<doc>Runs the given keyword with the given arguments if ``condition`` is false.</doc>
<arguments>
<arg>'${Credentials[0]}' == '#BLANK'</arg>
<arg>Input Text</arg>
<arg>${SIGN_IN_EMAIL}</arg>
<arg>${Credentials[0]}</arg>
</arguments>
<kw name="Input Text" library="SeleniumLibrary">
<doc>Types the given ``text`` into text field identified by ``locator``.</doc>
<arguments>
<arg>${SIGN_IN_EMAIL}</arg>
<arg>${Credentials[0]}</arg>
</arguments>
<msg timestamp="20200127 11:05:24.467" level="INFO">Typing text 'jukka@jukka.com' into text field 'css=input[ng-model*='credentials.email']'.</msg>
<status status="PASS" starttime="20200127 11:05:24.466" endtime="20200127 11:05:24.645"></status>
</kw>
<status status="PASS" starttime="20200127 11:05:24.465" endtime="20200127 11:05:24.645"></status>
</kw>
<kw name="Run Keyword Unless" library="BuiltIn">
<doc>Runs the given keyword with the given arguments if ``condition`` is false.</doc>
<arguments>
<arg>'${Credentials[1]}' == '#BLANK'</arg>
<arg>Input Text</arg>
<arg>${SIGN_IN_PASSWORD}</arg>
<arg>${Credentials[1]}</arg>
</arguments>
<kw name="Input Text" library="SeleniumLibrary">
<doc>Types the given ``text`` into text field identified by ``locator``.</doc>
<arguments>
<arg>${SIGN_IN_PASSWORD}</arg>
<arg>${Credentials[1]}</arg>
</arguments>
<msg timestamp="20200127 11:05:24.646" level="INFO">Typing text 'koe' into text field 'css=input[ng-model*='credentials.password']'.</msg>
<status status="PASS" starttime="20200127 11:05:24.646" endtime="20200127 11:05:24.750"></status>
</kw>
<status status="PASS" starttime="20200127 11:05:24.646" endtime="20200127 11:05:24.750"></status>
</kw>
<status status="PASS" starttime="20200127 11:05:24.464" endtime="20200127 11:05:24.750"></status>
</kw>
<kw name="Click Submit" library="SignIn">
<kw name="Click Button" library="SeleniumLibrary">
<doc>Clicks button identified by ``locator``.</doc>
<arguments>
<arg>${LOGIN_SUBMIT_BUTTON}</arg>
</arguments>
<msg timestamp="20200127 11:05:24.751" level="INFO">Clicking button 'Log In'.</msg>
<status status="PASS" starttime="20200127 11:05:24.751" endtime="20200127 11:05:24.846"></status>
</kw>
<status status="PASS" starttime="20200127 11:05:24.751" endtime="20200127 11:05:24.846"></status>
</kw>
<kw name="Sleep" library="BuiltIn">
<doc>Pauses the test executed for the given time.</doc>
<arguments>
<arg>1s</arg>
</arguments>
<msg timestamp="20200127 11:05:25.849" level="INFO">Slept 1 second</msg>
<status status="PASS" starttime="20200127 11:05:24.847" endtime="20200127 11:05:25.849"></status>
</kw>
<status status="PASS" starttime="20200127 11:05:24.464" endtime="20200127 11:05:25.849"></status>
</kw>
<status status="PASS" starttime="20200127 11:05:24.463" endtime="20200127 11:05:25.849"></status>
</kw>
<kw name="Run Keyword And Continue On Failure" library="BuiltIn">
<doc>Runs the keyword and continues execution even if a failure occurs.</doc>
<arguments>
<arg>Verify Login Page Error Message</arg>
<arg>${LoginScenario}</arg>
</arguments>
<kw name="Verify Login Page Error Message" library="CarsApp">
<arguments>
<arg>${LoginScenario}</arg>
</arguments>
<kw name="Verify Error Message" library="SignIn">
<arguments>
<arg>${ExpectedErrorMessage}</arg>
</arguments>
<kw name="Page Should Contain" library="SeleniumLibrary">
<doc>Verifies that current page contains ``text``.</doc>
<arguments>
<arg>${ExpectedErrorMessage[2]}</arg>
</arguments>
<msg timestamp="20200127 11:05:25.862" level="INFO">Current page contains text 'Your username and/or password is incorrect. Please try again.'.</msg>
<status status="PASS" starttime="20200127 11:05:25.850" endtime="20200127 11:05:25.862"></status>
</kw>
<status status="PASS" starttime="20200127 11:05:25.850" endtime="20200127 11:05:25.863"></status>
</kw>
<status status="PASS" starttime="20200127 11:05:25.849" endtime="20200127 11:05:25.863"></status>
</kw>
<status status="PASS" starttime="20200127 11:05:25.849" endtime="20200127 11:05:25.863"></status>
</kw>
<status status="PASS" starttime="20200127 11:05:23.334" endtime="20200127 11:05:25.863"></status>
</kw>
<kw name="${LoginScenario} = ['#BLANK', '#BLANK', 'Please enter your email address and password']" type="foritem">
<kw name="Run Keyword And Continue On Failure" library="BuiltIn">
<doc>Runs the keyword and continues execution even if a failure occurs.</doc>
<arguments>
<arg>SignIn.Navigate To</arg>
</arguments>
<kw name="Navigate To" library="SignIn">
<kw name="Catenate" library="BuiltIn">
<doc>Catenates the given items together and returns the resulted string.</doc>
<arguments>
<arg>SEPARATOR=/</arg>
<arg>${BASE_URL.${ENVIRONMENT}}</arg>
<arg>${LOGIN_URL}</arg>
</arguments>
<assign>
<var>${SignInUrl}</var>
</assign>
<msg timestamp="20200127 11:05:25.864" level="INFO">${SignInUrl} = https://www.cars.com//profile/secure/login</msg>
<status status="PASS" starttime="20200127 11:05:25.863" endtime="20200127 11:05:25.864"></status>
</kw>
<kw name="Go To" library="SeleniumLibrary">
<doc>Navigates the active browser instance to the provided ``url``.</doc>
<arguments>
<arg>${SignInUrl}</arg>
</arguments>
<msg timestamp="20200127 11:05:25.864" level="INFO">Opening url 'https://www.cars.com//profile/secure/login'</msg>
<status status="PASS" starttime="20200127 11:05:25.864" endtime="20200127 11:05:26.922"></status>
</kw>
<status status="PASS" starttime="20200127 11:05:25.863" endtime="20200127 11:05:26.923"></status>
</kw>
<status status="PASS" starttime="20200127 11:05:25.863" endtime="20200127 11:05:26.923"></status>
</kw>
<kw name="Run Keyword And Continue On Failure" library="BuiltIn">
<doc>Runs the keyword and continues execution even if a failure occurs.</doc>
<arguments>
<arg>Attempt Login</arg>
<arg>${LoginScenario}</arg>
</arguments>
<kw name="Attempt Login" library="CarsApp">
<arguments>
<arg>${LoginScenario}</arg>
</arguments>
<kw name="Enter Credentials" library="SignIn">
<arguments>
<arg>${Credentials}</arg>
</arguments>
<kw name="Run Keyword Unless" library="BuiltIn">
<doc>Runs the given keyword with the given arguments if ``condition`` is false.</doc>
<arguments>
<arg>'${Credentials[0]}' == '#BLANK'</arg>
<arg>Input Text</arg>
<arg>${SIGN_IN_EMAIL}</arg>
<arg>${Credentials[0]}</arg>
</arguments>
<status status="PASS" starttime="20200127 11:05:26.924" endtime="20200127 11:05:26.924"></status>
</kw>
<kw name="Run Keyword Unless" library="BuiltIn">
<doc>Runs the given keyword with the given arguments if ``condition`` is false.</doc>
<arguments>
<arg>'${Credentials[1]}' == '#BLANK'</arg>
<arg>Input Text</arg>
<arg>${SIGN_IN_PASSWORD}</arg>
<arg>${Credentials[1]}</arg>
</arguments>
<status status="PASS" starttime="20200127 11:05:26.925" endtime="20200127 11:05:26.925"></status>
</kw>
<status status="PASS" starttime="20200127 11:05:26.923" endtime="20200127 11:05:26.925"></status>
</kw>
<kw name="Click Submit" library="SignIn">
<kw name="Click Button" library="SeleniumLibrary">
<doc>Clicks button identified by ``locator``.</doc>
<arguments>
<arg>${LOGIN_SUBMIT_BUTTON}</arg>
</arguments>
<msg timestamp="20200127 11:05:26.925" level="INFO">Clicking button 'Log In'.</msg>
<status status="PASS" starttime="20200127 11:05:26.925" endtime="20200127 11:05:27.055"></status>
</kw>
<status status="PASS" starttime="20200127 11:05:26.925" endtime="20200127 11:05:27.056"></status>
</kw>
<kw name="Sleep" library="BuiltIn">
<doc>Pauses the test executed for the given time.</doc>
<arguments>
<arg>1s</arg>
</arguments>
<msg timestamp="20200127 11:05:28.058" level="INFO">Slept 1 second</msg>
<status status="PASS" starttime="20200127 11:05:27.056" endtime="20200127 11:05:28.058"></status>
</kw>
<status status="PASS" starttime="20200127 11:05:26.923" endtime="20200127 11:05:28.058"></status>
</kw>
<status status="PASS" starttime="20200127 11:05:26.923" endtime="20200127 11:05:28.058"></status>
</kw>
<kw name="Run Keyword And Continue On Failure" library="BuiltIn">
<doc>Runs the keyword and continues execution even if a failure occurs.</doc>
<arguments>
<arg>Verify Login Page Error Message</arg>
<arg>${LoginScenario}</arg>
</arguments>
<kw name="Verify Login Page Error Message" library="CarsApp">
<arguments>
<arg>${LoginScenario}</arg>
</arguments>
<kw name="Verify Error Message" library="SignIn">
<arguments>
<arg>${ExpectedErrorMessage}</arg>
</arguments>
<kw name="Page Should Contain" library="SeleniumLibrary">
<doc>Verifies that current page contains ``text``.</doc>
<arguments>
<arg>${ExpectedErrorMessage[2]}</arg>
</arguments>
<msg timestamp="20200127 11:05:28.075" level="INFO">Current page contains text 'Please enter your email address and password'.</msg>
<status status="PASS" starttime="20200127 11:05:28.059" endtime="20200127 11:05:28.075"></status>
</kw>
<status status="PASS" starttime="20200127 11:05:28.059" endtime="20200127 11:05:28.075"></status>
</kw>
<status status="PASS" starttime="20200127 11:05:28.059" endtime="20200127 11:05:28.075"></status>
</kw>
<status status="PASS" starttime="20200127 11:05:28.058" endtime="20200127 11:05:28.075"></status>
</kw>
<status status="PASS" starttime="20200127 11:05:25.863" endtime="20200127 11:05:28.075"></status>
</kw>
<status status="PASS" starttime="20200127 11:05:18.949" endtime="20200127 11:05:28.075"></status>
</kw>
<status status="PASS" starttime="20200127 11:05:18.948" endtime="20200127 11:05:28.075"></status>
</kw>
<kw name="End Web Test" library="Common" type="teardown">
<kw name="Close All Browsers" library="SeleniumLibrary">
<doc>Closes all open browsers and resets the browser cache.</doc>
<status status="PASS" starttime="20200127 11:05:28.076" endtime="20200127 11:05:30.528"></status>
</kw>
<status status="PASS" starttime="20200127 11:05:28.076" endtime="20200127 11:05:30.528"></status>
</kw>
<status status="PASS" starttime="20200127 11:05:16.440" endtime="20200127 11:05:30.528" critical="yes"></status>
</test>
<doc>Demonstrate a need for data-driven testing</doc>
<status status="PASS" starttime="20200127 11:05:16.161" endtime="20200127 11:05:30.531"></status>
</suite>
<statistics>
<total>
<stat pass="1" fail="0">Critical Tests</stat>
<stat pass="1" fail="0">All Tests</stat>
</total>
<tag>
</tag>
<suite>
<stat pass="1" fail="0" id="s1" name="Cars">Cars</stat>
</suite>
</statistics>
<errors>
</errors>
</robot>
